<?xml version="1.0" encoding="UTF-8"?>
<testsuites>
  <testsuite name="My Login application" timestamp="2021-06-02T11:44:33" time="2.576" tests="1" failures="0" errors="0" skipped="0">
    <properties>
      <property name="specId" value="0"/>
      <property name="suiteName" value="My Login application"/>
      <property name="capabilities" value="firefox.88_0_1.mac"/>
      <property name="file" value="./test/specs/example.e2e.js"/>
    </properties>
    <testcase classname="firefox.88_0_1.mac.My Login application" name="should login with valid credentials" time="2.575">
      <system-out><![CDATA[
COMMAND: POST /session/ecf37625-2011-b649-86e7-3e65dc274723/url - {"url":"https://the-internet.herokuapp.com/login"}
RESULT: {"url":"https://the-internet.herokuapp.com/login"}
COMMAND: GET /session/ecf37625-2011-b649-86e7-3e65dc274723/title - {}
RESULT: {}
COMMAND: POST /session/ecf37625-2011-b649-86e7-3e65dc274723/element - {"using":"css selector","value":"#username"}
RESULT: {"using":"css selector","value":"#username"}
COMMAND: POST /session/ecf37625-2011-b649-86e7-3e65dc274723/element/af20f87a-c0b2-9f48-9fe9-a7b4ecfba713/clear - {}
RESULT: {}
COMMAND: POST /session/ecf37625-2011-b649-86e7-3e65dc274723/element/af20f87a-c0b2-9f48-9fe9-a7b4ecfba713/value - {"text":"tomsmith"}
RESULT: {"text":"tomsmith"}
COMMAND: POST /session/ecf37625-2011-b649-86e7-3e65dc274723/element - {"using":"css selector","value":"#password"}
RESULT: {"using":"css selector","value":"#password"}
COMMAND: POST /session/ecf37625-2011-b649-86e7-3e65dc274723/element/458e529b-bc31-0843-b808-c37333fd942e/clear - {}
RESULT: {}
COMMAND: POST /session/ecf37625-2011-b649-86e7-3e65dc274723/element/458e529b-bc31-0843-b808-c37333fd942e/value - {"text":"SuperSecretPassword!"}
RESULT: {"text":"SuperSecretPassword!"}
COMMAND: POST /session/ecf37625-2011-b649-86e7-3e65dc274723/element - {"using":"css selector","value":"button[type=\"submit\"]"}
RESULT: {"using":"css selector","value":"button[type=\"submit\"]"}
COMMAND: POST /session/ecf37625-2011-b649-86e7-3e65dc274723/element/160fa47d-d1f6-144c-ba5f-be8b043ca5c7/click - {}
RESULT: {}
COMMAND: POST /session/ecf37625-2011-b649-86e7-3e65dc274723/element - {"using":"css selector","value":"#flash"}
RESULT: {"using":"css selector","value":"#flash"}
COMMAND: POST /session/ecf37625-2011-b649-86e7-3e65dc274723/elements - {"using":"css selector","value":"#flash"}
RESULT: {"using":"css selector","value":"#flash"}
COMMAND: POST /session/ecf37625-2011-b649-86e7-3e65dc274723/element - {"using":"css selector","value":"#flash"}
RESULT: {"using":"css selector","value":"#flash"}
COMMAND: GET /session/ecf37625-2011-b649-86e7-3e65dc274723/element/241b6574-65c2-5142-8f07-93acb2c6560c/text - {}
RESULT: {}
COMMAND: DELETE /session/ecf37625-2011-b649-86e7-3e65dc274723 - {}
RESULT: {}
]]></system-out>
    </testcase>
  </testsuite>
</testsuites>